2024/07/10 23:16:49 Starting application...
2024/07/10 23:17:02 Script invoked...
2024/07/10 23:17:06 Script invoked...
2024/07/10 23:17:10 Script invoked...
2024/07/10 23:17:15 Script invoked...
2024/07/10 23:17:52 Script invoked...
2024/07/10 23:17:54 Script invoked...
2024/07/10 23:18:02 Script invoked...
2024/07/10 23:18:05 Script invoked...
2024/07/10 23:18:08 Script invoked...
2024/07/10 23:18:09 Script invoked...
2024/07/10 23:18:11 Script invoked...
2024/07/10 23:18:35 Script invoked...
2024/07/10 23:18:38 Script invoked...
2024/07/10 23:18:42 Script invoked...
2024/07/10 23:18:53 Script invoked...
2024/07/10 23:18:58 Script invoked...
2024/07/10 23:19:21 Script invoked...
2024/07/10 23:19:25 Script invoked...
2024/07/10 23:19:26 Script invoked...
2024/07/10 23:19:29 Script invoked...
2024/07/10 23:19:31 Script invoked...
2024/07/10 23:19:36 Script invoked...
2024/07/10 23:19:38 Script invoked...
2024/07/10 23:19:40 Script invoked...
2024/07/10 23:19:42 Script invoked...
2024/07/10 23:19:59 Script invoked...
2024/07/10 23:20:00 Script invoked...
2024/07/10 23:20:03 Script invoked...
2024/07/10 23:20:08 Script invoked...
2024/07/10 23:20:15 Script invoked...
2024/07/10 23:20:17 Script invoked...
2024/07/10 23:20:23 Script invoked...
2024/07/10 23:20:41 Script invoked...
2024/07/10 23:20:45 Script invoked...
2024/07/10 23:21:27 Script invoked...
2024/07/10 23:21:29 Script invoked...
2024/07/10 23:21:32 Script invoked...
2024/07/10 23:21:35 Script invoked...
2024/07/10 23:21:44 Script invoked...
2024/07/10 23:24:23 Script invoked...
2024/07/10 23:24:43 Script invoked...
2024/07/10 23:25:12 Script invoked...
2024/07/10 23:25:29 Script invoked...
2024/07/10 23:25:34 Script invoked...
2024/07/10 23:25:34 dial tcp: lookup smtp.example.com: no such host
2024/07/10 23:26:58 Script invoked...
2024/07/10 23:27:02 535 5.7.8 Username and Password not accepted. For more information, go to
5.7.8  https://support.google.com/mail/?p=BadCredentials ffacd0b85a97d-367cde890f6sm5851277f8f.53 - gsmtp
2024/07/10 23:27:21 Script invoked...
2024/07/10 23:27:24 Script invoked...
2024/07/10 23:27:29 Script invoked...
2024/07/10 23:27:32 535 5.7.8 Username and Password not accepted. For more information, go to
5.7.8  https://support.google.com/mail/?p=BadCredentials ffacd0b85a97d-367cde7df3dsm5828124f8f.16 - gsmtp
2024/07/10 23:27:43 Script invoked...
2024/07/10 23:27:46 535 5.7.8 Username and Password not accepted. For more information, go to
5.7.8  https://support.google.com/mail/?p=BadCredentials 5b1f17b1804b1-4264d5101ffsm244783655e9.16 - gsmtp
2024/07/10 23:28:04 Script invoked...
2024/07/10 23:28:08 535 5.7.8 Username and Password not accepted. For more information, go to
5.7.8  https://support.google.com/mail/?p=BadCredentials 5b1f17b1804b1-42726c62ed2sm58438835e9.15 - gsmtp
2024/07/10 23:28:56 Script invoked...
2024/07/10 23:29:34 Script invoked...
2024/07/10 23:29:37 535 5.7.8 Username and Password not accepted. For more information, go to
5.7.8  https://support.google.com/mail/?p=BadCredentials 5b1f17b1804b1-4264a2fca8bsm256430125e9.47 - gsmtp
2024/07/10 23:58:06 Script invoked...
2024/07/10 23:58:07 535 5.7.0 (#AUTH005) Too many bad auth attempts.
2024/07/10 23:58:13 Script invoked...
2024/07/10 23:58:14 535 5.7.0 (#AUTH005) Too many bad auth attempts.
2024/07/10 23:58:17 Script invoked...
2024/07/10 23:58:18 535 5.7.0 (#AUTH005) Too many bad auth attempts.
2024/07/10 23:58:19 Script invoked...
2024/07/10 23:58:20 535 5.7.0 (#AUTH005) Too many bad auth attempts.
2024/07/11 00:00:22 Script invoked...
2024/07/11 00:00:23 535 5.7.0 (#AUTH005) Too many bad auth attempts.
2024/07/11 11:35:45 Script invoked...
2024/07/11 11:35:49 535 5.7.8 Username and Password not accepted. For more information, go to
5.7.8  https://support.google.com/mail/?p=BadCredentials 5b1f17b1804b1-4266f74410esm104706215e9.47 - gsmtp
2024/07/11 11:35:53 Script invoked...
2024/07/11 11:35:57 Script invoked...
2024/07/11 11:36:00 535 5.7.8 Username and Password not accepted. For more information, go to
5.7.8  https://support.google.com/mail/?p=BadCredentials ffacd0b85a97d-367cdfa0650sm6885785f8f.69 - gsmtp
2024/07/11 11:36:14 Script invoked...
2024/07/11 11:36:16 Script invoked...
2024/07/11 11:36:19 534 5.7.9 Application-specific password required. For more information, go to
5.7.9  https://support.google.com/mail/?p=InvalidSecondFactor ffacd0b85a97d-367cde7e039sm6897970f8f.2 - gsmtp
2024/07/11 11:37:50 Script invoked...
2024/07/11 11:47:22 Script invoked...
2024/07/11 11:47:26 Script invoked...
2024/07/11 11:47:30 Script invoked...
2024/07/11 11:47:33 Script invoked...
2024/07/11 11:47:37 Script invoked...
2024/07/11 11:47:41 Script invoked...
2024/07/11 11:47:47 Script invoked...
2024/07/11 11:47:53 Script invoked...
2024/07/11 11:47:57 Script invoked...
2024/07/11 11:47:59 Script invoked...
2024/07/11 11:48:03 Script invoked...
2024/07/11 11:48:06 Script invoked...
2024/07/11 11:48:09 Script invoked...
2024/07/11 11:48:13 Script invoked...
2024/07/11 11:48:15 Script invoked...
2024/07/11 11:48:16 Script invoked...
2024/07/11 11:48:20 Script invoked...
2024/07/11 11:48:23 Script invoked...
2024/07/11 11:48:27 Script invoked...
2024/07/11 11:48:29 Script invoked...
2024/07/11 11:48:37 Script invoked...
2024/07/11 11:48:43 Script invoked...
2024/07/11 11:48:45 Script invoked...
2024/07/11 11:48:54 Script invoked...
2024/07/11 11:49:00 Script invoked...
2024/07/11 11:49:05 Script invoked...
2024/07/11 11:49:08 Script invoked...
2024/07/11 11:49:10 Script invoked...
2024/07/11 11:49:17 Script invoked...
2024/07/11 11:49:21 Script invoked...
2024/07/11 11:50:10 Script invoked...
2024/07/11 11:50:57 Script invoked...
2024/07/11 11:50:58 Script invoked...
2024/07/11 11:51:00 Script invoked...
2024/07/11 11:51:07 Script invoked...
2024/07/11 11:51:11 Script invoked...
2024/07/11 11:51:14 Script invoked...
2024/07/11 11:51:16 Script invoked...
2024/07/11 11:51:22 Script invoked...
2024/07/11 11:51:51 Script invoked...
2024/07/11 11:51:53 Script invoked...
2024/07/11 11:51:55 Script invoked...
2024/07/11 11:52:01 Script invoked...
2024/07/11 11:52:18 Script invoked...
2024/07/11 11:52:32 Script invoked...
2024/07/11 11:52:37 Script invoked...
2024/07/11 11:52:41 Script invoked...
2024/07/11 11:52:45 Script invoked...
2024/07/11 11:52:50 Script invoked...
2024/07/11 11:52:53 Script invoked...
2024/07/11 11:53:00 Script invoked...
2024/07/11 11:53:04 Script invoked...
2024/07/11 11:53:24 Script invoked...
2024/07/11 12:18:30 Script invoked...
2024/07/11 12:18:30 Error: pq: syntax error at or near "'public'"
2024/07/11 12:18:56 Script invoked...
2024/07/11 12:18:56 Error: pq: relation "public.confluenceusers" does not exist
2024/07/11 12:19:40 Script invoked...
2024/07/11 12:19:40 failed to decode config.json: invalid character '`' looking for beginning of value
2024/07/11 12:20:20 Script invoked...
2024/07/11 12:20:25 Email sent successfully with the Excel file.
2024/07/11 12:37:21 Script invoked...
2024/07/11 12:37:26 Email sent successfully with the Excel file.
2024/07/11 12:37:31 Email sent successfully with the Excel file.
2024/07/11 12:38:44 Script invoked...
2024/07/11 12:38:49 Email sent successfully with the Excel file.
2024/07/11 12:38:53 Email sent successfully with the Excel file.
